<?xml version="1.0" encoding="utf-8"?>
<coverage line-rate="0.7604000000000001" branch-rate="0.7857" version="1.9" timestamp="1605053403" lines-covered="73" lines-valid="96" branches-covered="11" branches-valid="14">
  <sources>
    <source>F:\avanade\SuperHero\src\Modules\</source>
  </sources>
  <packages>
    <package name="SuperHero.Application" line-rate="1" branch-rate="0.8332999999999999" complexity="12">
      <classes>
        <class name="SuperHero.Application.AppHero.HeroAppService" filename="SuperHero.Application\AppHero\HeroAppService.cs" line-rate="1" branch-rate="1" complexity="2">
          <methods>
            <method name="Get" signature="()" line-rate="1" branch-rate="1">
              <lines>
                <line number="23" hits="3" branch="False" />
                <line number="24" hits="3" branch="False" />
                <line number="25" hits="3" branch="False" />
              </lines>
            </method>
            <method name=".ctor" signature="(Marraia.Notifications.Interfaces.ISmartNotification,SuperHero.Domain.Interfaces.Repositories.IHeroRepository)" line-rate="1" branch-rate="1">
              <lines>
                <line number="16" hits="15" branch="False" />
                <line number="17" hits="15" branch="False" />
                <line number="18" hits="15" branch="False" />
                <line number="19" hits="15" branch="False" />
                <line number="20" hits="15" branch="False" />
                <line number="21" hits="15" branch="False" />
              </lines>
            </method>
          </methods>
          <lines>
            <line number="23" hits="3" branch="False" />
            <line number="24" hits="3" branch="False" />
            <line number="25" hits="3" branch="False" />
            <line number="16" hits="15" branch="False" />
            <line number="17" hits="15" branch="False" />
            <line number="18" hits="15" branch="False" />
            <line number="19" hits="15" branch="False" />
            <line number="20" hits="15" branch="False" />
            <line number="21" hits="15" branch="False" />
          </lines>
        </class>
        <class name="SuperHero.Application.AppHero.HeroAppService/&lt;GetByIdAsync&gt;d__4" filename="SuperHero.Application\AppHero\HeroAppService.cs" line-rate="1" branch-rate="1" complexity="1">
          <methods>
            <method name="MoveNext" signature="()" line-rate="1" branch-rate="1">
              <lines>
                <line number="28" hits="5" branch="False" />
                <line number="29" hits="5" branch="False" />
                <line number="30" hits="5" branch="False" />
                <line number="31" hits="5" branch="False" />
                <line number="32" hits="5" branch="False" />
              </lines>
            </method>
          </methods>
          <lines>
            <line number="28" hits="5" branch="False" />
            <line number="29" hits="5" branch="False" />
            <line number="30" hits="5" branch="False" />
            <line number="31" hits="5" branch="False" />
            <line number="32" hits="5" branch="False" />
          </lines>
        </class>
        <class name="SuperHero.Application.AppHero.HeroAppService/&lt;InsertAsync&gt;d__5" filename="SuperHero.Application\AppHero\HeroAppService.cs" line-rate="1" branch-rate="0.8332999999999999" complexity="6">
          <methods>
            <method name="MoveNext" signature="()" line-rate="1" branch-rate="0.8332999999999999">
              <lines>
                <line number="35" hits="10" branch="True" condition-coverage="50% (1/2)">
                  <conditions>
                    <condition number="14" type="jump" coverage="50%" />
                  </conditions>
                </line>
                <line number="36" hits="10" branch="False" />
                <line number="38" hits="10" branch="True" condition-coverage="100% (2/2)">
                  <conditions>
                    <condition number="94" type="jump" coverage="100%" />
                  </conditions>
                </line>
                <line number="39" hits="4" branch="False" />
                <line number="40" hits="4" branch="False" />
                <line number="41" hits="4" branch="False" />
                <line number="44" hits="6" branch="True" condition-coverage="100% (2/2)">
                  <conditions>
                    <condition number="142" type="jump" coverage="100%" />
                  </conditions>
                </line>
                <line number="45" hits="3" branch="False" />
                <line number="46" hits="3" branch="False" />
                <line number="47" hits="3" branch="False" />
                <line number="50" hits="3" branch="False" />
                <line number="51" hits="3" branch="False" />
                <line number="52" hits="3" branch="False" />
                <line number="54" hits="3" branch="False" />
                <line number="55" hits="3" branch="False" />
                <line number="56" hits="10" branch="False" />
              </lines>
            </method>
          </methods>
          <lines>
            <line number="35" hits="10" branch="True" condition-coverage="50% (1/2)">
              <conditions>
                <condition number="14" type="jump" coverage="50%" />
              </conditions>
            </line>
            <line number="36" hits="10" branch="False" />
            <line number="38" hits="10" branch="True" condition-coverage="100% (2/2)">
              <conditions>
                <condition number="94" type="jump" coverage="100%" />
              </conditions>
            </line>
            <line number="39" hits="4" branch="False" />
            <line number="40" hits="4" branch="False" />
            <line number="41" hits="4" branch="False" />
            <line number="44" hits="6" branch="True" condition-coverage="100% (2/2)">
              <conditions>
                <condition number="142" type="jump" coverage="100%" />
              </conditions>
            </line>
            <line number="45" hits="3" branch="False" />
            <line number="46" hits="3" branch="False" />
            <line number="47" hits="3" branch="False" />
            <line number="50" hits="3" branch="False" />
            <line number="51" hits="3" branch="False" />
            <line number="52" hits="3" branch="False" />
            <line number="54" hits="3" branch="False" />
            <line number="55" hits="3" branch="False" />
            <line number="56" hits="10" branch="False" />
          </lines>
        </class>
        <class name="SuperHero.Application.AppHero.Input.HeroInput" filename="SuperHero.Application\AppHero\Input\HeroInput.cs" line-rate="1" branch-rate="1" complexity="3">
          <methods>
            <method name="get_Name" signature="()" line-rate="1" branch-rate="1">
              <lines>
                <line number="5" hits="23" branch="False" />
              </lines>
            </method>
            <method name="get_Age" signature="()" line-rate="1" branch-rate="1">
              <lines>
                <line number="6" hits="23" branch="False" />
              </lines>
            </method>
            <method name="get_IdEditor" signature="()" line-rate="1" branch-rate="1">
              <lines>
                <line number="7" hits="23" branch="False" />
              </lines>
            </method>
          </methods>
          <lines>
            <line number="5" hits="23" branch="False" />
            <line number="6" hits="23" branch="False" />
            <line number="7" hits="23" branch="False" />
          </lines>
        </class>
      </classes>
    </package>
    <package name="SuperHero.Domain" line-rate="0.6349" branch-rate="0.75" complexity="23">
      <classes>
        <class name="SuperHero.Domain.Entities.Editor" filename="SuperHero.Domain\Entities\Editor.cs" line-rate="0.5652" branch-rate="0" complexity="8">
          <methods>
            <method name="get_Id" signature="()" line-rate="1" branch-rate="1">
              <lines>
                <line number="23" hits="25" branch="False" />
              </lines>
            </method>
            <method name="get_Name" signature="()" line-rate="1" branch-rate="1">
              <lines>
                <line number="24" hits="9" branch="False" />
              </lines>
            </method>
            <method name="IsValid" signature="()" line-rate="0" branch-rate="0">
              <lines>
                <line number="27" hits="0" branch="False" />
                <line number="28" hits="0" branch="False" />
                <line number="30" hits="0" branch="True" condition-coverage="0% (0/2)">
                  <conditions>
                    <condition number="16" type="jump" coverage="0%" />
                  </conditions>
                </line>
                <line number="31" hits="0" branch="False" />
                <line number="33" hits="0" branch="False" />
                <line number="34" hits="0" branch="False" />
              </lines>
            </method>
            <method name=".ctor" signature="()" line-rate="1" branch-rate="1">
              <lines>
                <line number="5" hits="12" branch="False" />
              </lines>
            </method>
            <method name=".ctor" signature="(System.String)" line-rate="0" branch-rate="1">
              <lines>
                <line number="6" hits="0" branch="False" />
                <line number="7" hits="0" branch="False" />
                <line number="8" hits="0" branch="False" />
                <line number="9" hits="0" branch="False" />
              </lines>
            </method>
            <method name=".ctor" signature="(System.Int32)" line-rate="1" branch-rate="1">
              <lines>
                <line number="11" hits="10" branch="False" />
                <line number="12" hits="10" branch="False" />
                <line number="13" hits="10" branch="False" />
                <line number="14" hits="10" branch="False" />
              </lines>
            </method>
            <method name=".ctor" signature="(System.Int32,System.String)" line-rate="1" branch-rate="1">
              <lines>
                <line number="16" hits="3" branch="False" />
                <line number="17" hits="3" branch="False" />
                <line number="18" hits="3" branch="False" />
                <line number="19" hits="3" branch="False" />
                <line number="20" hits="3" branch="False" />
                <line number="21" hits="3" branch="False" />
              </lines>
            </method>
          </methods>
          <lines>
            <line number="23" hits="25" branch="False" />
            <line number="24" hits="9" branch="False" />
            <line number="27" hits="0" branch="False" />
            <line number="28" hits="0" branch="False" />
            <line number="30" hits="0" branch="True" condition-coverage="0% (0/2)">
              <conditions>
                <condition number="16" type="jump" coverage="0%" />
              </conditions>
            </line>
            <line number="31" hits="0" branch="False" />
            <line number="33" hits="0" branch="False" />
            <line number="34" hits="0" branch="False" />
            <line number="5" hits="12" branch="False" />
            <line number="6" hits="0" branch="False" />
            <line number="7" hits="0" branch="False" />
            <line number="8" hits="0" branch="False" />
            <line number="9" hits="0" branch="False" />
            <line number="11" hits="10" branch="False" />
            <line number="12" hits="10" branch="False" />
            <line number="13" hits="10" branch="False" />
            <line number="14" hits="10" branch="False" />
            <line number="16" hits="3" branch="False" />
            <line number="17" hits="3" branch="False" />
            <line number="18" hits="3" branch="False" />
            <line number="19" hits="3" branch="False" />
            <line number="20" hits="3" branch="False" />
            <line number="21" hits="3" branch="False" />
          </lines>
        </class>
        <class name="SuperHero.Domain.Entities.Hero" filename="SuperHero.Domain\Entities\Hero.cs" line-rate="0.675" branch-rate="1" complexity="15">
          <methods>
            <method name="get_Id" signature="()" line-rate="1" branch-rate="1">
              <lines>
                <line number="31" hits="29" branch="False" />
              </lines>
            </method>
            <method name="get_Name" signature="()" line-rate="1" branch-rate="1">
              <lines>
                <line number="32" hits="47" branch="False" />
              </lines>
            </method>
            <method name="get_Age" signature="()" line-rate="1" branch-rate="1">
              <lines>
                <line number="33" hits="45" branch="False" />
              </lines>
            </method>
            <method name="get_Editor" signature="()" line-rate="1" branch-rate="1">
              <lines>
                <line number="34" hits="39" branch="False" />
              </lines>
            </method>
            <method name="get_Created" signature="()" line-rate="0" branch-rate="1">
              <lines>
                <line number="35" hits="0" branch="False" />
              </lines>
            </method>
            <method name="IsValid" signature="()" line-rate="1" branch-rate="1">
              <lines>
                <line number="38" hits="10" branch="False" />
                <line number="39" hits="10" branch="False" />
                <line number="41" hits="10" branch="True" condition-coverage="100% (6/6)">
                  <conditions>
                    <condition number="14" type="jump" coverage="100%" />
                    <condition number="23" type="jump" coverage="100%" />
                    <condition number="47" type="jump" coverage="100%" />
                  </conditions>
                </line>
                <line number="42" hits="10" branch="False" />
                <line number="43" hits="10" branch="False" />
                <line number="44" hits="4" branch="False" />
                <line number="45" hits="4" branch="False" />
                <line number="46" hits="4" branch="False" />
                <line number="48" hits="10" branch="False" />
                <line number="49" hits="10" branch="False" />
              </lines>
            </method>
            <method name="IsMaiority" signature="()" line-rate="1" branch-rate="1">
              <lines>
                <line number="52" hits="6" branch="False" />
                <line number="53" hits="6" branch="False" />
                <line number="54" hits="6" branch="False" />
              </lines>
            </method>
            <method name=".ctor" signature="()" line-rate="1" branch-rate="1">
              <lines>
                <line number="7" hits="57" branch="False" />
              </lines>
            </method>
            <method name=".ctor" signature="(System.String,SuperHero.Domain.Entities.Editor,System.Int32)" line-rate="1" branch-rate="1">
              <lines>
                <line number="8" hits="10" branch="False" />
                <line number="9" hits="10" branch="False" />
                <line number="10" hits="10" branch="False" />
                <line number="11" hits="10" branch="False" />
                <line number="12" hits="10" branch="False" />
                <line number="13" hits="10" branch="False" />
                <line number="14" hits="10" branch="False" />
                <line number="15" hits="10" branch="False" />
                <line number="16" hits="10" branch="False" />
              </lines>
            </method>
            <method name=".ctor" signature="(System.Int32,System.String,SuperHero.Domain.Entities.Editor,System.Int32,System.DateTime)" line-rate="0" branch-rate="1">
              <lines>
                <line number="18" hits="0" branch="False" />
                <line number="19" hits="0" branch="False" />
                <line number="20" hits="0" branch="False" />
                <line number="21" hits="0" branch="False" />
                <line number="22" hits="0" branch="False" />
                <line number="23" hits="0" branch="False" />
                <line number="24" hits="0" branch="False" />
                <line number="25" hits="0" branch="False" />
                <line number="26" hits="0" branch="False" />
                <line number="27" hits="0" branch="False" />
                <line number="28" hits="0" branch="False" />
                <line number="29" hits="0" branch="False" />
              </lines>
            </method>
          </methods>
          <lines>
            <line number="31" hits="29" branch="False" />
            <line number="32" hits="47" branch="False" />
            <line number="33" hits="45" branch="False" />
            <line number="34" hits="39" branch="False" />
            <line number="35" hits="0" branch="False" />
            <line number="38" hits="10" branch="False" />
            <line number="39" hits="10" branch="False" />
            <line number="41" hits="10" branch="True" condition-coverage="100% (6/6)">
              <conditions>
                <condition number="14" type="jump" coverage="100%" />
                <condition number="23" type="jump" coverage="100%" />
                <condition number="47" type="jump" coverage="100%" />
              </conditions>
            </line>
            <line number="42" hits="10" branch="False" />
            <line number="43" hits="10" branch="False" />
            <line number="44" hits="4" branch="False" />
            <line number="45" hits="4" branch="False" />
            <line number="46" hits="4" branch="False" />
            <line number="48" hits="10" branch="False" />
            <line number="49" hits="10" branch="False" />
            <line number="52" hits="6" branch="False" />
            <line number="53" hits="6" branch="False" />
            <line number="54" hits="6" branch="False" />
            <line number="7" hits="57" branch="False" />
            <line number="8" hits="10" branch="False" />
            <line number="9" hits="10" branch="False" />
            <line number="10" hits="10" branch="False" />
            <line number="11" hits="10" branch="False" />
            <line number="12" hits="10" branch="False" />
            <line number="13" hits="10" branch="False" />
            <line number="14" hits="10" branch="False" />
            <line number="15" hits="10" branch="False" />
            <line number="16" hits="10" branch="False" />
            <line number="18" hits="0" branch="False" />
            <line number="19" hits="0" branch="False" />
            <line number="20" hits="0" branch="False" />
            <line number="21" hits="0" branch="False" />
            <line number="22" hits="0" branch="False" />
            <line number="23" hits="0" branch="False" />
            <line number="24" hits="0" branch="False" />
            <line number="25" hits="0" branch="False" />
            <line number="26" hits="0" branch="False" />
            <line number="27" hits="0" branch="False" />
            <line number="28" hits="0" branch="False" />
            <line number="29" hits="0" branch="False" />
          </lines>
        </class>
      </classes>
    </package>
  </packages>
</coverage>